  Game.cpp
Game.cpp(49): warning C4244: 'argument': conversion from 'time_t' to 'unsigned int', possible loss of data
Game.cpp(65): warning C4244: 'argument': conversion from 'double' to 'float32', possible loss of data
Game.cpp(65): warning C4244: 'argument': conversion from 'double' to 'float', possible loss of data
Game.cpp(114): warning C4018: '<': signed/unsigned mismatch
Game.cpp(122): warning C4018: '<': signed/unsigned mismatch
Game.cpp(44): warning C4101: 'camX': unreferenced local variable
C:\Program Files (x86)\Microsoft Visual Studio\2017\Community\VC\Tools\MSVC\14.11.25503\include\xmemory0(856): warning C4244: 'argument': conversion from 'double' to 'float', possible loss of data
  C:\Program Files (x86)\Microsoft Visual Studio\2017\Community\VC\Tools\MSVC\14.11.25503\include\vector(958): note: see reference to function template instantiation 'void std::_Default_allocator_traits<_Alloc>::construct<_Ty,b2World&,b2Vec2,double,Color,unsigned int,bool,bool>(_Alloc &,_Objty *const ,b2World &,b2Vec2 &&,double &&,Color &&,unsigned int &&,bool &&,bool &&)' being compiled
          with
          [
              _Alloc=std::allocator<Ball>,
              _Ty=Ball,
              _Objty=Ball
          ]
  C:\Program Files (x86)\Microsoft Visual Studio\2017\Community\VC\Tools\MSVC\14.11.25503\include\vector(958): note: see reference to function template instantiation 'void std::_Default_allocator_traits<_Alloc>::construct<_Ty,b2World&,b2Vec2,double,Color,unsigned int,bool,bool>(_Alloc &,_Objty *const ,b2World &,b2Vec2 &&,double &&,Color &&,unsigned int &&,bool &&,bool &&)' being compiled
          with
          [
              _Alloc=std::allocator<Ball>,
              _Ty=Ball,
              _Objty=Ball
          ]
  Game.cpp(65): note: see reference to function template instantiation 'void std::vector<Ball,std::allocator<_Ty>>::emplace_back<b2World&,b2Vec2,double,Color,GLuint,bool,bool>(b2World &,b2Vec2 &&,double &&,Color &&,GLuint &&,bool &&,bool &&)' being compiled
          with
          [
              _Ty=Ball
          ]
  main.cpp
Engine.lib(SOIL.obj) : warning LNK4075: ignoring '/EDITANDCONTINUE' due to '/OPT:ICF' specification
     Creating library C:\Users\matke\Documents\Engine\Release\Game.lib and object C:\Users\matke\Documents\Engine\Release\Game.exp
LINK : warning LNK4098: defaultlib 'MSVCRTD' conflicts with use of other libs; use /NODEFAULTLIB:library
  Generating code
  4 of 1233 functions ( 0.3%) were compiled, the rest were copied from previous compilation.
    1 functions were new in current compilation
    26 functions had inline decision re-evaluated but remain unchanged
  Finished generating code
Engine.lib(stb_image_aug.obj) : warning LNK4099: PDB 'SOIL.pdb' was not found with 'Engine.lib(stb_image_aug.obj)' or at 'C:\Users\matke\Documents\Engine\Release\SOIL.pdb'; linking object as if no debug info
Engine.lib(SOIL.obj) : warning LNK4099: PDB 'SOIL.pdb' was not found with 'Engine.lib(SOIL.obj)' or at 'C:\Users\matke\Documents\Engine\Release\SOIL.pdb'; linking object as if no debug info
Engine.lib(image_helper.obj) : warning LNK4099: PDB 'SOIL.pdb' was not found with 'Engine.lib(image_helper.obj)' or at 'C:\Users\matke\Documents\Engine\Release\SOIL.pdb'; linking object as if no debug info
Engine.lib(image_DXT.obj) : warning LNK4099: PDB 'SOIL.pdb' was not found with 'Engine.lib(image_DXT.obj)' or at 'C:\Users\matke\Documents\Engine\Release\SOIL.pdb'; linking object as if no debug info
  Game.vcxproj -> C:\Users\matke\Documents\Engine\Release\Game.exe
