  Cache.cpp
c:\users\matke\documents\engine\engine\Cache.h(3): fatal error C1083: Cannot open include file: 'GL\glew.h': No such file or directory
  Camera2D.cpp
c:\users\matke\documents\engine\engine\Camera2D.h(2): fatal error C1083: Cannot open include file: 'GLM\glm.hpp': No such file or directory
  Collision2D.cpp
c:\users\matke\documents\engine\engine\GameObject.h(3): fatal error C1083: Cannot open include file: 'GLM\glm.hpp': No such file or directory
  error.cpp
  GameObject.cpp
c:\users\matke\documents\engine\engine\GameObject.h(3): fatal error C1083: Cannot open include file: 'GLM\glm.hpp': No such file or directory
  Input.cpp
  MainGame.cpp
c:\users\matke\documents\engine\engine\MainGame.h(3): fatal error C1083: Cannot open include file: 'SDL\SDL.h': No such file or directory
  ResourceManager.cpp
c:\users\matke\documents\engine\engine\Cache.h(3): fatal error C1083: Cannot open include file: 'GL\glew.h': No such file or directory
  Shader.cpp
c:\users\matke\documents\engine\engine\Shader.h(3): fatal error C1083: Cannot open include file: 'GL/glew.h': No such file or directory
  Sprite.cpp
c:\users\matke\documents\engine\engine\Vertex.h(2): fatal error C1083: Cannot open include file: 'GLM\glm.hpp': No such file or directory
  SpriteBatch.cpp
c:\users\matke\documents\engine\engine\Vertex.h(2): fatal error C1083: Cannot open include file: 'GLM\glm.hpp': No such file or directory
  Window.cpp
c:\users\matke\documents\engine\engine\Window.h(3): fatal error C1083: Cannot open include file: 'SDL\SDL.h': No such file or directory
