  Game.cpp
c:\users\matke\documents\engine\game\game.cpp(53): warning C4244: 'argument': conversion from 'time_t' to 'unsigned int', possible loss of data
c:\users\matke\documents\engine\game\game.cpp(69): warning C4244: 'argument': conversion from 'double' to 'float32', possible loss of data
c:\users\matke\documents\engine\game\game.cpp(69): warning C4244: 'argument': conversion from 'double' to 'float', possible loss of data
c:\users\matke\documents\engine\game\game.cpp(115): warning C4018: '<': signed/unsigned mismatch
c:\users\matke\documents\engine\game\game.cpp(123): warning C4018: '<': signed/unsigned mismatch
c:\users\matke\documents\engine\game\game.cpp(46): warning C4101: 'camX': unreferenced local variable
c:\program files (x86)\microsoft visual studio\2017\community\vc\tools\msvc\14.11.25503\include\xmemory0(856): warning C4244: 'argument': conversion from 'double' to 'float', possible loss of data
  c:\program files (x86)\microsoft visual studio\2017\community\vc\tools\msvc\14.11.25503\include\vector(958): note: see reference to function template instantiation 'void std::_Default_allocator_traits<_Alloc>::construct<_Ty,b2World&,b2Vec2,double,Color,unsigned int,bool,bool>(_Alloc &,_Objty *const ,b2World &,b2Vec2 &&,double &&,Color &&,unsigned int &&,bool &&,bool &&)' being compiled
          with
          [
              _Alloc=std::allocator<Ball>,
              _Ty=Ball,
              _Objty=Ball
          ]
  c:\program files (x86)\microsoft visual studio\2017\community\vc\tools\msvc\14.11.25503\include\vector(958): note: see reference to function template instantiation 'void std::_Default_allocator_traits<_Alloc>::construct<_Ty,b2World&,b2Vec2,double,Color,unsigned int,bool,bool>(_Alloc &,_Objty *const ,b2World &,b2Vec2 &&,double &&,Color &&,unsigned int &&,bool &&,bool &&)' being compiled
          with
          [
              _Alloc=std::allocator<Ball>,
              _Ty=Ball,
              _Objty=Ball
          ]
  c:\users\matke\documents\engine\game\game.cpp(69): note: see reference to function template instantiation 'void std::vector<Ball,std::allocator<_Ty>>::emplace_back<b2World&,b2Vec2,double,Color,GLuint,bool,bool>(b2World &,b2Vec2 &&,double &&,Color &&,GLuint &&,bool &&,bool &&)' being compiled
          with
          [
              _Ty=Ball
          ]
  Box.cpp
  Ball.cpp
  Generating Code...
  Compiling...
  main.cpp
  Generating Code...
     Creating library C:\Users\matke\Documents\Engine\Debug\Game.lib and object C:\Users\matke\Documents\Engine\Debug\Game.exp
Engine.lib(stb_image_aug.obj) : warning LNK4099: PDB 'SOIL.pdb' was not found with 'Engine.lib(stb_image_aug.obj)' or at 'C:\Users\matke\Documents\Engine\Debug\SOIL.pdb'; linking object as if no debug info
Engine.lib(SOIL.obj) : warning LNK4099: PDB 'SOIL.pdb' was not found with 'Engine.lib(SOIL.obj)' or at 'C:\Users\matke\Documents\Engine\Debug\SOIL.pdb'; linking object as if no debug info
Engine.lib(image_helper.obj) : warning LNK4099: PDB 'SOIL.pdb' was not found with 'Engine.lib(image_helper.obj)' or at 'C:\Users\matke\Documents\Engine\Debug\SOIL.pdb'; linking object as if no debug info
Engine.lib(image_DXT.obj) : warning LNK4099: PDB 'SOIL.pdb' was not found with 'Engine.lib(image_DXT.obj)' or at 'C:\Users\matke\Documents\Engine\Debug\SOIL.pdb'; linking object as if no debug info
  Game.vcxproj -> C:\Users\matke\Documents\Engine\Debug\Game.exe
